<?xml version="1.0" encoding="UTF-8"?>
<!-- Generated by org.testng.reporters.JUnitReportReporter -->
<testsuite skipped="0" hostname="DESKTOP-9BMLCIN" name="ToolTip" tests="1" failures="0" timestamp="25 Jul 2019 09:06:55 GMT" time="11.063" errors="0">
  <testcase name="testTooltip" time="11.063" classname="ToolTip"/>
</testsuite> <!-- ToolTip -->
